<?xml version="1.0" encoding="UTF-8"?>
<!-- Generated by org.testng.reporters.JUnitReportReporter -->
<testsuite hostname="ASHEENA" failures="0" tests="1" name="com.sevenrmartsupermarket.tests.AdminUserTest" time="8.470" errors="0" timestamp="2024-11-28T07:00:54 IST" skipped="0">
  <testcase classname="com.sevenrmartsupermarket.tests.AdminUserTest" name="verifyClickNewUser" time="8.470"/>
</testsuite> <!-- com.sevenrmartsupermarket.tests.AdminUserTest -->
