<?xml version="1.0" encoding="UTF-8"?>
<!-- Generated by org.testng.reporters.JUnitReportReporter -->
<testsuite hostname="ASHEENA" failures="0" tests="1" name="com.sevenrmartsupermarket.tests.HomeTest" time="3.420" errors="0" timestamp="2024-11-27T07:25:31 IST" skipped="0">
  <testcase classname="com.sevenrmartsupermarket.tests.HomeTest" name="readExcel" time="3.420"/>
</testsuite> <!-- com.sevenrmartsupermarket.tests.HomeTest -->
