<?xml version="1.0" encoding="UTF-8"?>
<!-- Generated by org.testng.reporters.JUnitReportReporter -->
<testsuite hostname="ASHEENA" failures="0" tests="1" name="com.sevenrmartsupermarket.tests.HomeTest" time="4.319" errors="0" timestamp="2024-11-29T07:20:56 IST" skipped="0">
  <testcase classname="com.sevenrmartsupermarket.tests.HomeTest" name="readExcel" time="4.319"/>
</testsuite> <!-- com.sevenrmartsupermarket.tests.HomeTest -->
